<?xml version="1.0" encoding="UTF-8" ?>
<testsuite tests="3" failures="1" name="TestSuite" time="28.963" errors="0" skipped="0">
  <properties>
[...]
</properties>
  <testcase classname="example.NewTest" name="testEasy" time="3.481"/>
  <testcase classname="example.Firefoxcase" name="testFirefoxcase" time="11.792"/>
  <testcase classname="example.Firefoxcase" name="tearDown" time="13.69">
    <failure message="Error communicating with the remote browser. It may have died.
Build info: version: &apos;unknown&apos;, revision: &apos;31c43c8&apos;, time: &apos;2016-08-02 21:57:56 -0700&apos;
System info: host: &apos;PQA-0327LT&apos;, ip: &apos;10.16.17.126&apos;, os.name: &apos;Windows 10&apos;, os.arch: &apos;amd64&apos;, os.version: &apos;10.0&apos;, java.version: &apos;1.8.0_91&apos;
Driver info: driver.version: RemoteWebDriver
Capabilities [{rotatable=false, raisesAccessibilityExceptions=false, appBuildId=20160726073904, version=, platform=XP, proxy={}, command_id=1, specificationLevel=0, acceptSslCerts=false, browserVersion=48.0, platformVersion=10.0, XULappId={ec8030f7-c20a-464f-9b0e-13a3a9e97384}, browserName=Firefox, takesScreenshot=true, takesElementScreenshot=true, platformName=Windows_NT, device=desktop}]
Session ID: ecbe1848-c850-4a71-9258-7d341864b55d" type="org.openqa.selenium.remote.UnreachableBrowserException">org.openqa.selenium.remote.UnreachableBrowserException: Error communicating with the remote browser. It may have died.
Build info: version: &apos;unknown&apos;, revision: &apos;31c43c8&apos;, time: &apos;2016-08-02 21:57:56 -0700&apos;
System info: host: &apos;PQA-0327LT&apos;, ip: &apos;10.16.17.126&apos;, os.name: &apos;Windows 10&apos;, os.arch: &apos;amd64&apos;, os.version: &apos;10.0&apos;, java.version: &apos;1.8.0_91&apos;
Driver info: driver.version: RemoteWebDriver
Capabilities [{rotatable=false, raisesAccessibilityExceptions=false, appBuildId=20160726073904, version=, platform=XP, proxy={}, command_id=1, specificationLevel=0, acceptSslCerts=false, browserVersion=48.0, platformVersion=10.0, XULappId={ec8030f7-c20a-464f-9b0e-13a3a9e97384}, browserName=Firefox, takesScreenshot=true, takesElementScreenshot=true, platformName=Windows_NT, device=desktop}]
Session ID: ecbe1848-c850-4a71-9258-7d341864b55d
	at org.openqa.selenium.remote.RemoteWebDriver.execute(RemoteWebDriver.java:670)
	at org.openqa.selenium.remote.RemoteWebDriver.execute(RemoteWebDriver.java:706)
	at org.openqa.selenium.remote.RemoteWebDriver.quit(RemoteWebDriver.java:531)
	at example.Firefoxcase.tearDown(Firefoxcase.java:42)
Caused by: java.lang.IllegalStateException: UnixUtils may not be used on Windows
	at org.openqa.selenium.os.ProcessUtils.getProcessId(ProcessUtils.java:188)
	at org.openqa.selenium.os.UnixProcess$SeleniumWatchDog.getPID(UnixProcess.java:222)
	at org.openqa.selenium.os.UnixProcess$SeleniumWatchDog.access$300(UnixProcess.java:201)
	at org.openqa.selenium.os.UnixProcess.destroy(UnixProcess.java:132)
	at org.openqa.selenium.os.CommandLine.destroy(CommandLine.java:155)
	at org.openqa.selenium.remote.service.DriverService.stop(DriverService.java:196)
	at org.openqa.selenium.remote.service.DriverCommandExecutor.execute(DriverCommandExecutor.java:94)
	at org.openqa.selenium.remote.RemoteWebDriver.execute(RemoteWebDriver.java:649)
	... 36 more
</failure>
    <system-err>LdrLoadDll: Blocking load of &apos;pmls.dll&apos; -- see http://www.mozilla.com/en-US/blocklist/
LdrLoadDll: Blocking load of &apos;pmls.dll&apos; -- see http://www.mozilla.com/en-US/blocklist/
LdrLoadDll: Blocking load of &apos;pmls.dll&apos; -- see http://www.mozilla.com/en-US/blocklist/
LdrLoadDll: Blocking load of &apos;pmls.dll&apos; -- see http://www.mozilla.com/en-US/blocklist/
LdrLoadDll: Blocking load of &apos;pmls.dll&apos; -- see http://www.mozilla.com/en-US/blocklist/
LdrLoadDll: Blocking load of &apos;pmls.dll&apos; -- see http://www.mozilla.com/en-US/blocklist/
LdrLoadDll: Blocking load of &apos;pmls.dll&apos; -- see http://www.mozilla.com/en-US/blocklist/
LdrLoadDll: Blocking load of &apos;pmls.dll&apos; -- see http://www.mozilla.com/en-US/blocklist/
LdrLoadDll: Blocking load of &apos;pmls.dll&apos; -- see http://www.mozilla.com/en-US/blocklist/
LdrLoadDll: Blocking load of &apos;pmls.dll&apos; -- see http://www.mozilla.com/en-US/blocklist/
LdrLoadDll: Blocking load of &apos;pmls.dll&apos; -- see http://www.mozilla.com/en-US/blocklist/
LdrLoadDll: Blocking load of &apos;pmls.dll&apos; -- see http://www.mozilla.com/en-US/blocklist/
LdrLoadDll: Blocking load of &apos;pmls.dll&apos; -- see http://www.mozilla.com/en-US/blocklist/
LdrLoadDll: Blocking load of &apos;pmls.dll&apos; -- see http://www.mozilla.com/en-US/blocklist/
LdrLoadDll: Blocking load of &apos;pmls.dll&apos; -- see http://www.mozilla.com/en-US/blocklist/
LdrLoadDll: Blocking load of &apos;pmls.dll&apos; -- see http://www.mozilla.com/en-US/blocklist/
LdrLoadDll: Blocking load of &apos;pmls.dll&apos; -- see http://www.mozilla.com/en-US/blocklist/
LdrLoadDll: Blocking load of &apos;pmls.dll&apos; -- see http://www.mozilla.com/en-US/blocklist/
LdrLoadDll: Blocking load of &apos;pmls.dll&apos; -- see http://www.mozilla.com/en-US/blocklist/
LdrLoadDll: Blocking load of &apos;pmls.dll&apos; -- see http://www.mozilla.com/en-US/blocklist/
LdrLoadDll: Blocking load of &apos;pmls.dll&apos; -- see http://www.mozilla.com/en-US/blocklist/
LdrLoadDll: Blocking load of &apos;pmls.dll&apos; -- see http://www.mozilla.com/en-US/blocklist/
LdrLoadDll: Blocking load of &apos;pmls.dll&apos; -- see http://www.mozilla.com/en-US/blocklist/
LdrLoadDll: Blocking load of &apos;pmls.dll&apos; -- see http://www.mozilla.com/en-US/blocklist/
LdrLoadDll: Blocking load of &apos;pmls.dll&apos; -- see http://www.mozilla.com/en-US/blocklist/
LdrLoadDll: Blocking load of &apos;pmls.dll&apos; -- see http://www.mozilla.com/en-US/blocklist/
LdrLoadDll: Blocking load of &apos;pmls.dll&apos; -- see http://www.mozilla.com/en-US/blocklist/
LdrLoadDll: Blocking load of &apos;pmls.dll&apos; -- see http://www.mozilla.com/en-US/blocklist/
LdrLoadDll: Blocking load of &apos;pmls.dll&apos; -- see http://www.mozilla.com/en-US/blocklist/
LdrLoadDll: Blocking load of &apos;pmls.dll&apos; -- see http://www.mozilla.com/en-US/blocklist/
LdrLoadDll: Blocking load of &apos;pmls.dll&apos; -- see http://www.mozilla.com/en-US/blocklist/
LdrLoadDll: Blocking load of &apos;pmls.dll&apos; -- see http://www.mozilla.com/en-US/blocklist/
LdrLoadDll: Blocking load of &apos;pmls.dll&apos; -- see http://www.mozilla.com/en-US/blocklist/
LdrLoadDll: Blocking load of &apos;pmls.dll&apos; -- see http://www.mozilla.com/en-US/blocklist/
LdrLoadDll: Blocking load of &apos;pmls.dll&apos; -- see http://www.mozilla.com/en-US/blocklist/
LdrLoadDll: Blocking load of &apos;pmls.dll&apos; -- see http://www.mozilla.com/en-US/blocklist/
LdrLoadDll: Blocking load of &apos;pmls.dll&apos; -- see http://www.mozilla.com/en-US/blocklist/
LdrLoadDll: Blocking load of &apos;pmls.dll&apos; -- see http://www.mozilla.com/en-US/blocklist/
LdrLoadDll: Blocking load of &apos;pmls.dll&apos; -- see http://www.mozilla.com/en-US/blocklist/
LdrLoadDll: Blocking load of &apos;pmls.dll&apos; -- see http://www.mozilla.com/en-US/blocklist/
LdrLoadDll: Blocking load of &apos;pmls.dll&apos; -- see http://www.mozilla.com/en-US/blocklist/
LdrLoadDll: Blocking load of &apos;pmls.dll&apos; -- see http://www.mozilla.com/en-US/blocklist/
LdrLoadDll: Blocking load of &apos;pmls.dll&apos; -- see http://www.mozilla.com/en-US/blocklist/
LdrLoadDll: Blocking load of &apos;pmls.dll&apos; -- see http://www.mozilla.com/en-US/blocklist/
LdrLoadDll: Blocking load of &apos;pmls.dll&apos; -- see http://www.mozilla.com/en-US/blocklist/
LdrLoadDll: Blocking load of &apos;pmls.dll&apos; -- see http://www.mozilla.com/en-US/blocklist/
[Child 11428] ###!!! ABORT: Aborting on channel error.: file c:/builds/moz2_slave/m-rel-w32-00000000000000000000/build/src/ipc/glue/MessageChannel.cpp, line 2046

###!!! [Child][MessageChannel::SendAndWait] Error: Channel error: cannot send/recv


###!!! [Child][MessageChannel] Error: (msgtype=0x900001,name=PLayer::Msg___delete__) Channel error: cannot send/recv

LdrLoadDll: Blocking load of &apos;pmls.dll&apos; -- see http://www.mozilla.com/en-US/blocklist/
LdrLoadDll: Blocking load of &apos;pmls.dll&apos; -- see http://www.mozilla.com/en-US/blocklist/

###!!! [Child][OnMaybeDequeueOne] Error: Channel error: cannot send/recv


###!!! [Child][OnMaybeDequeueOne] Error: Channel error: cannot send/recv


###!!! [Child][OnMaybeDequeueOne] Error: Channel error: cannot send/recv

</system-err>
  </testcase>
</testsuite>