-------------------------------------------------------------------------------
Test set: TestSuite
-------------------------------------------------------------------------------
Tests run: 5, Failures: 3, Errors: 0, Skipped: 0, Time elapsed: 75.519 sec <<< FAILURE!
testEasy(example.IEcase)  Time elapsed: 0.17 sec  <<< FAILURE!
java.lang.AssertionError: expected [true] but found [false]
	at org.testng.Assert.fail(Assert.java:94)
	at org.testng.Assert.failNotEquals(Assert.java:494)
	at org.testng.Assert.assertTrue(Assert.java:42)
	at org.testng.Assert.assertTrue(Assert.java:52)
	at example.IEcase.testEasy(IEcase.java:36)
testFirefoxcase(example.Firefoxcase)  Time elapsed: 1.491 sec  <<< FAILURE!
org.openqa.selenium.NoSuchElementException: Unable to locate element: div.sbqs_c (WARNING: The server did not provide any stacktrace information)
Command duration or timeout: 19 milliseconds
For documentation on this error, please visit: http://seleniumhq.org/exceptions/no_such_element.html
Build info: version: 'unknown', revision: '31c43c8', time: '2016-08-02 21:57:56 -0700'
System info: host: 'PQA-0327LT', ip: '10.16.17.126', os.name: 'Windows 10', os.arch: 'amd64', os.version: '10.0', java.version: '1.8.0_91'
Driver info: org.openqa.selenium.firefox.FirefoxDriver
Capabilities [{rotatable=false, raisesAccessibilityExceptions=false, appBuildId=20160726073904, version=, platform=XP, proxy={}, command_id=1, specificationLevel=0, acceptSslCerts=false, browserVersion=48.0, platformVersion=10.0, XULappId={ec8030f7-c20a-464f-9b0e-13a3a9e97384}, browserName=Firefox, takesScreenshot=true, takesElementScreenshot=true, platformName=Windows_NT, device=desktop}]
Session ID: c45821e9-3da8-486b-b6bb-c0f62397f5e9
*** Element info: {Using=css selector, value=div.sbqs_c}
	at sun.reflect.NativeConstructorAccessorImpl.newInstance0(Native Method)
	at sun.reflect.NativeConstructorAccessorImpl.newInstance(NativeConstructorAccessorImpl.java:62)
	at sun.reflect.DelegatingConstructorAccessorImpl.newInstance(DelegatingConstructorAccessorImpl.java:45)
	at java.lang.reflect.Constructor.newInstance(Constructor.java:423)
	at org.openqa.selenium.remote.ErrorHandler.createThrowable(ErrorHandler.java:206)
	at org.openqa.selenium.remote.ErrorHandler.throwIfResponseFailed(ErrorHandler.java:158)
	at org.openqa.selenium.remote.RemoteWebDriver.execute(RemoteWebDriver.java:683)
	at org.openqa.selenium.remote.RemoteWebDriver.findElement(RemoteWebDriver.java:377)
	at org.openqa.selenium.remote.RemoteWebDriver.findElementByCssSelector(RemoteWebDriver.java:498)
	at org.openqa.selenium.By$ByCssSelector.findElement(By.java:430)
	at org.openqa.selenium.remote.RemoteWebDriver.findElement(RemoteWebDriver.java:369)
	at example.Firefoxcase.testFirefoxcase(Firefoxcase.java:38)
tearDown(example.Firefoxcase)  Time elapsed: 3.15 sec  <<< FAILURE!
org.openqa.selenium.remote.UnreachableBrowserException: Error communicating with the remote browser. It may have died.
Build info: version: 'unknown', revision: '31c43c8', time: '2016-08-02 21:57:56 -0700'
System info: host: 'PQA-0327LT', ip: '10.16.17.126', os.name: 'Windows 10', os.arch: 'amd64', os.version: '10.0', java.version: '1.8.0_91'
Driver info: driver.version: RemoteWebDriver
Capabilities [{rotatable=false, raisesAccessibilityExceptions=false, appBuildId=20160726073904, version=, platform=XP, proxy={}, command_id=1, specificationLevel=0, acceptSslCerts=false, browserVersion=48.0, platformVersion=10.0, XULappId={ec8030f7-c20a-464f-9b0e-13a3a9e97384}, browserName=Firefox, takesScreenshot=true, takesElementScreenshot=true, platformName=Windows_NT, device=desktop}]
Session ID: c45821e9-3da8-486b-b6bb-c0f62397f5e9
	at org.openqa.selenium.remote.RemoteWebDriver.execute(RemoteWebDriver.java:670)
	at org.openqa.selenium.remote.RemoteWebDriver.execute(RemoteWebDriver.java:706)
	at org.openqa.selenium.remote.RemoteWebDriver.quit(RemoteWebDriver.java:531)
	at example.Firefoxcase.tearDown(Firefoxcase.java:45)
Caused by: java.lang.IllegalStateException: UnixUtils may not be used on Windows
	at org.openqa.selenium.os.ProcessUtils.getProcessId(ProcessUtils.java:188)
	at org.openqa.selenium.os.UnixProcess$SeleniumWatchDog.getPID(UnixProcess.java:222)
	at org.openqa.selenium.os.UnixProcess$SeleniumWatchDog.access$300(UnixProcess.java:201)
	at org.openqa.selenium.os.UnixProcess.destroy(UnixProcess.java:132)
	at org.openqa.selenium.os.CommandLine.destroy(CommandLine.java:155)
	at org.openqa.selenium.remote.service.DriverService.stop(DriverService.java:196)
	at org.openqa.selenium.remote.service.DriverCommandExecutor.execute(DriverCommandExecutor.java:94)
	at org.openqa.selenium.remote.RemoteWebDriver.execute(RemoteWebDriver.java:649)
	... 36 more
