<?xml version="1.0" encoding="UTF-8"?>
<testng-results skipped="0" failed="0" total="5" passed="5">
  <reporter-output>
  </reporter-output>
  <suite name="Suite" duration-ms="63932" started-at="2016-08-17T17:15:13Z" finished-at="2016-08-17T17:16:17Z">
    <groups>
    </groups>
    <test name="Test" duration-ms="63932" started-at="2016-08-17T17:15:13Z" finished-at="2016-08-17T17:16:17Z">
      <class name="example.Firefoxcase">
        <test-method status="PASS" signature="setUp()[pri:0, instance:example.Firefoxcase@2344fc66]" name="setUp" is-config="true" duration-ms="18011" started-at="2016-08-17T10:15:19Z" finished-at="2016-08-17T10:15:37Z">
          <reporter-output>
          </reporter-output>
        </test-method> <!-- setUp -->
        <test-method status="PASS" signature="testFirefoxcase()[pri:0, instance:example.Firefoxcase@2344fc66]" name="testFirefoxcase" duration-ms="5117" started-at="2016-08-17T10:15:37Z" finished-at="2016-08-17T10:15:42Z">
          <reporter-output>
          </reporter-output>
        </test-method> <!-- testFirefoxcase -->
        <test-method status="PASS" signature="tearDown()[pri:0, instance:example.Firefoxcase@2344fc66]" name="tearDown" is-config="true" duration-ms="1003" started-at="2016-08-17T10:15:42Z" finished-at="2016-08-17T10:15:43Z">
          <reporter-output>
          </reporter-output>
        </test-method> <!-- tearDown -->
      </class> <!-- example.Firefoxcase -->
      <class name="TestSuite1.StartBrowserWithParameter">
        <test-method status="PASS" signature="testEasy(int, java.lang.String)[pri:0, instance:TestSuite1.StartBrowserWithParameter@458ad742]" name="testEasy" duration-ms="41686" started-at="2016-08-17T10:15:19Z" data-provider="input2baiduSearch" finished-at="2016-08-17T10:16:01Z">
          <params>
            <param index="0">
              <value>
                <![CDATA[5]]>
              </value>
            </param>
            <param index="1">
              <value>
                <![CDATA[five]]>
              </value>
            </param>
          </params>
          <reporter-output>
          </reporter-output>
        </test-method> <!-- testEasy -->
        <test-method status="PASS" signature="testEasy(int, java.lang.String)[pri:0, instance:TestSuite1.StartBrowserWithParameter@458ad742]" name="testEasy" duration-ms="13176" started-at="2016-08-17T10:16:01Z" data-provider="input2baiduSearch" finished-at="2016-08-17T10:16:14Z">
          <params>
            <param index="0">
              <value>
                <![CDATA[6]]>
              </value>
            </param>
            <param index="1">
              <value>
                <![CDATA[six]]>
              </value>
            </param>
          </params>
          <reporter-output>
          </reporter-output>
        </test-method> <!-- testEasy -->
      </class> <!-- TestSuite1.StartBrowserWithParameter -->
      <class name="example.NewTest">
        <test-method status="PASS" signature="testEasy()[pri:0, instance:example.NewTest@5056dfcb]" name="testEasy" duration-ms="8472" started-at="2016-08-17T10:15:19Z" finished-at="2016-08-17T10:15:28Z">
          <reporter-output>
          </reporter-output>
        </test-method> <!-- testEasy -->
      </class> <!-- example.NewTest -->
      <class name="example.IEcase">
        <test-method status="PASS" signature="beforeTest()[pri:0, instance:example.IEcase@3dd3bcd]" name="beforeTest" is-config="true" duration-ms="2705" started-at="2016-08-17T10:15:13Z" finished-at="2016-08-17T10:15:15Z">
          <reporter-output>
          </reporter-output>
        </test-method> <!-- beforeTest -->
        <test-method status="PASS" signature="beforeTest()[pri:0, instance:example.NewTest@5056dfcb]" name="beforeTest" is-config="true" duration-ms="1808" started-at="2016-08-17T10:15:15Z" finished-at="2016-08-17T10:15:17Z">
          <reporter-output>
          </reporter-output>
        </test-method> <!-- beforeTest -->
        <test-method status="PASS" signature="beforeTest()[pri:0, instance:TestSuite1.StartBrowserWithParameter@458ad742]" name="beforeTest" is-config="true" duration-ms="1797" started-at="2016-08-17T10:15:17Z" finished-at="2016-08-17T10:15:19Z">
          <reporter-output>
          </reporter-output>
        </test-method> <!-- beforeTest -->
        <test-method status="PASS" signature="testEasy()[pri:0, instance:example.IEcase@3dd3bcd]" name="testEasy" duration-ms="318" started-at="2016-08-17T10:15:19Z" finished-at="2016-08-17T10:15:19Z">
          <reporter-output>
          </reporter-output>
        </test-method> <!-- testEasy -->
        <test-method status="PASS" signature="afterTest()[pri:0, instance:example.IEcase@3dd3bcd]" name="afterTest" is-config="true" duration-ms="783" started-at="2016-08-17T10:16:14Z" finished-at="2016-08-17T10:16:15Z">
          <reporter-output>
          </reporter-output>
        </test-method> <!-- afterTest -->
        <test-method status="PASS" signature="afterTest()[pri:0, instance:example.NewTest@5056dfcb]" name="afterTest" is-config="true" duration-ms="969" started-at="2016-08-17T10:16:15Z" finished-at="2016-08-17T10:16:16Z">
          <reporter-output>
          </reporter-output>
        </test-method> <!-- afterTest -->
        <test-method status="PASS" signature="afterTest()[pri:0, instance:TestSuite1.StartBrowserWithParameter@458ad742]" name="afterTest" is-config="true" duration-ms="990" started-at="2016-08-17T10:16:16Z" finished-at="2016-08-17T10:16:17Z">
          <reporter-output>
          </reporter-output>
        </test-method> <!-- afterTest -->
      </class> <!-- example.IEcase -->
    </test> <!-- Test -->
  </suite> <!-- Suite -->
</testng-results>
