<?xml version="1.0" encoding="UTF-8" ?>
<testsuite tests="5" failures="3" name="TestSuite" time="44.835" errors="0" skipped="0">
  <properties>
[...]
</properties>
  <testcase classname="example.IEcase" name="testEasy" time="0.17">
    <failure message="expected [true] but found [false]" type="java.lang.AssertionError">java.lang.AssertionError: expected [true] but found [false]
	at org.testng.Assert.fail(Assert.java:94)
	at org.testng.Assert.failNotEquals(Assert.java:494)
	at org.testng.Assert.assertTrue(Assert.java:42)
	at org.testng.Assert.assertTrue(Assert.java:52)
	at example.IEcase.testEasy(IEcase.java:36)
</failure>
    <system-out>Page Is loaded.
WebDriver
</system-out>
    <system-err>Started InternetExplorerDriver server (64-bit)
2.53.1.0
Listening on port 48481
Only local connections are allowed
log4j:WARN No appenders could be found for logger (org.apache.http.client.protocol.RequestAddCookies).
log4j:WARN Please initialize the log4j system properly.
log4j:WARN See http://logging.apache.org/log4j/1.2/faq.html#noconfig for more info.
Starting ChromeDriver (v2.9.248315) on port 5331
Starting ChromeDriver (v2.9.248315) on port 46882
</system-err>
  </testcase>
  <testcase classname="example.NewTest" name="testEasy" time="4.376"/>
  <testcase classname="example.Firefoxcase" name="testFirefoxcase" time="1.491">
    <failure message="Unable to locate element: div.sbqs_c (WARNING: The server did not provide any stacktrace information)
Command duration or timeout: 19 milliseconds
For documentation on this error, please visit: http://seleniumhq.org/exceptions/no_such_element.html
Build info: version: &apos;unknown&apos;, revision: &apos;31c43c8&apos;, time: &apos;2016-08-02 21:57:56 -0700&apos;
System info: host: &apos;PQA-0327LT&apos;, ip: &apos;10.16.17.126&apos;, os.name: &apos;Windows 10&apos;, os.arch: &apos;amd64&apos;, os.version: &apos;10.0&apos;, java.version: &apos;1.8.0_91&apos;
Driver info: org.openqa.selenium.firefox.FirefoxDriver
Capabilities [{rotatable=false, raisesAccessibilityExceptions=false, appBuildId=20160726073904, version=, platform=XP, proxy={}, command_id=1, specificationLevel=0, acceptSslCerts=false, browserVersion=48.0, platformVersion=10.0, XULappId={ec8030f7-c20a-464f-9b0e-13a3a9e97384}, browserName=Firefox, takesScreenshot=true, takesElementScreenshot=true, platformName=Windows_NT, device=desktop}]
Session ID: c45821e9-3da8-486b-b6bb-c0f62397f5e9
*** Element info: {Using=css selector, value=div.sbqs_c}" type="org.openqa.selenium.NoSuchElementException">org.openqa.selenium.NoSuchElementException: Unable to locate element: div.sbqs_c (WARNING: The server did not provide any stacktrace information)
Command duration or timeout: 19 milliseconds
For documentation on this error, please visit: http://seleniumhq.org/exceptions/no_such_element.html
Build info: version: &apos;unknown&apos;, revision: &apos;31c43c8&apos;, time: &apos;2016-08-02 21:57:56 -0700&apos;
System info: host: &apos;PQA-0327LT&apos;, ip: &apos;10.16.17.126&apos;, os.name: &apos;Windows 10&apos;, os.arch: &apos;amd64&apos;, os.version: &apos;10.0&apos;, java.version: &apos;1.8.0_91&apos;
Driver info: org.openqa.selenium.firefox.FirefoxDriver
Capabilities [{rotatable=false, raisesAccessibilityExceptions=false, appBuildId=20160726073904, version=, platform=XP, proxy={}, command_id=1, specificationLevel=0, acceptSslCerts=false, browserVersion=48.0, platformVersion=10.0, XULappId={ec8030f7-c20a-464f-9b0e-13a3a9e97384}, browserName=Firefox, takesScreenshot=true, takesElementScreenshot=true, platformName=Windows_NT, device=desktop}]
Session ID: c45821e9-3da8-486b-b6bb-c0f62397f5e9
*** Element info: {Using=css selector, value=div.sbqs_c}
	at sun.reflect.NativeConstructorAccessorImpl.newInstance0(Native Method)
	at sun.reflect.NativeConstructorAccessorImpl.newInstance(NativeConstructorAccessorImpl.java:62)
	at sun.reflect.DelegatingConstructorAccessorImpl.newInstance(DelegatingConstructorAccessorImpl.java:45)
	at java.lang.reflect.Constructor.newInstance(Constructor.java:423)
	at org.openqa.selenium.remote.ErrorHandler.createThrowable(ErrorHandler.java:206)
	at org.openqa.selenium.remote.ErrorHandler.throwIfResponseFailed(ErrorHandler.java:158)
	at org.openqa.selenium.remote.RemoteWebDriver.execute(RemoteWebDriver.java:683)
	at org.openqa.selenium.remote.RemoteWebDriver.findElement(RemoteWebDriver.java:377)
	at org.openqa.selenium.remote.RemoteWebDriver.findElementByCssSelector(RemoteWebDriver.java:498)
	at org.openqa.selenium.By$ByCssSelector.findElement(By.java:430)
	at org.openqa.selenium.remote.RemoteWebDriver.findElement(RemoteWebDriver.java:369)
	at example.Firefoxcase.testFirefoxcase(Firefoxcase.java:38)
</failure>
    <system-err>1471277312640	Marionette	INFO	Listening on port 54319
1471277316663	Marionette	INFO	startBrowser c45821e9-3da8-486b-b6bb-c0f62397f5e9
1471277316682	Marionette	INFO	sendAsync c45821e9-3da8-486b-b6bb-c0f62397f5e9
1471277317403	Marionette	INFO	sendAsync c45821e9-3da8-486b-b6bb-c0f62397f5e9
1471277317471	Marionette	INFO	sendAsync c45821e9-3da8-486b-b6bb-c0f62397f5e9
1471277318594	Marionette	INFO	sendAsync c45821e9-3da8-486b-b6bb-c0f62397f5e9
1471277319607	Marionette	INFO	sendAsync c45821e9-3da8-486b-b6bb-c0f62397f5e9
1471277320616	Marionette	INFO	sendAsync c45821e9-3da8-486b-b6bb-c0f62397f5e9
1471277321629	Marionette	INFO	sendAsync c45821e9-3da8-486b-b6bb-c0f62397f5e9
1471277322638	Marionette	INFO	sendAsync c45821e9-3da8-486b-b6bb-c0f62397f5e9
1471277323651	Marionette	INFO	sendAsync c45821e9-3da8-486b-b6bb-c0f62397f5e9
1471277324724	Marionette	INFO	sendAsync c45821e9-3da8-486b-b6bb-c0f62397f5e9
1471277325735	Marionette	INFO	sendAsync c45821e9-3da8-486b-b6bb-c0f62397f5e9
1471277326744	Marionette	INFO	sendAsync c45821e9-3da8-486b-b6bb-c0f62397f5e9
1471277327757	Marionette	INFO	sendAsync c45821e9-3da8-486b-b6bb-c0f62397f5e9
1471277328768	Marionette	INFO	sendAsync c45821e9-3da8-486b-b6bb-c0f62397f5e9
1471277329779	Marionette	INFO	sendAsync c45821e9-3da8-486b-b6bb-c0f62397f5e9
1471277330788	Marionette	INFO	sendAsync c45821e9-3da8-486b-b6bb-c0f62397f5e9
1471277330801	Marionette	INFO	sendAsync c45821e9-3da8-486b-b6bb-c0f62397f5e9
1471277332166	Marionette	INFO	sendAsync c45821e9-3da8-486b-b6bb-c0f62397f5e9
1471277332177	Marionette	INFO	sendAsync c45821e9-3da8-486b-b6bb-c0f62397f5e9
1471277332189	Marionette	INFO	sendAsync c45821e9-3da8-486b-b6bb-c0f62397f5e9
1471277332200	Marionette	INFO	sendAsync c45821e9-3da8-486b-b6bb-c0f62397f5e9
1471277332260	Marionette	INFO	sendAsync c45821e9-3da8-486b-b6bb-c0f62397f5e9
</system-err>
  </testcase>
  <testcase classname="example.Firefoxcase" name="tearDown" time="3.15">
    <failure message="Error communicating with the remote browser. It may have died.
Build info: version: &apos;unknown&apos;, revision: &apos;31c43c8&apos;, time: &apos;2016-08-02 21:57:56 -0700&apos;
System info: host: &apos;PQA-0327LT&apos;, ip: &apos;10.16.17.126&apos;, os.name: &apos;Windows 10&apos;, os.arch: &apos;amd64&apos;, os.version: &apos;10.0&apos;, java.version: &apos;1.8.0_91&apos;
Driver info: driver.version: RemoteWebDriver
Capabilities [{rotatable=false, raisesAccessibilityExceptions=false, appBuildId=20160726073904, version=, platform=XP, proxy={}, command_id=1, specificationLevel=0, acceptSslCerts=false, browserVersion=48.0, platformVersion=10.0, XULappId={ec8030f7-c20a-464f-9b0e-13a3a9e97384}, browserName=Firefox, takesScreenshot=true, takesElementScreenshot=true, platformName=Windows_NT, device=desktop}]
Session ID: c45821e9-3da8-486b-b6bb-c0f62397f5e9" type="org.openqa.selenium.remote.UnreachableBrowserException">org.openqa.selenium.remote.UnreachableBrowserException: Error communicating with the remote browser. It may have died.
Build info: version: &apos;unknown&apos;, revision: &apos;31c43c8&apos;, time: &apos;2016-08-02 21:57:56 -0700&apos;
System info: host: &apos;PQA-0327LT&apos;, ip: &apos;10.16.17.126&apos;, os.name: &apos;Windows 10&apos;, os.arch: &apos;amd64&apos;, os.version: &apos;10.0&apos;, java.version: &apos;1.8.0_91&apos;
Driver info: driver.version: RemoteWebDriver
Capabilities [{rotatable=false, raisesAccessibilityExceptions=false, appBuildId=20160726073904, version=, platform=XP, proxy={}, command_id=1, specificationLevel=0, acceptSslCerts=false, browserVersion=48.0, platformVersion=10.0, XULappId={ec8030f7-c20a-464f-9b0e-13a3a9e97384}, browserName=Firefox, takesScreenshot=true, takesElementScreenshot=true, platformName=Windows_NT, device=desktop}]
Session ID: c45821e9-3da8-486b-b6bb-c0f62397f5e9
	at org.openqa.selenium.remote.RemoteWebDriver.execute(RemoteWebDriver.java:670)
	at org.openqa.selenium.remote.RemoteWebDriver.execute(RemoteWebDriver.java:706)
	at org.openqa.selenium.remote.RemoteWebDriver.quit(RemoteWebDriver.java:531)
	at example.Firefoxcase.tearDown(Firefoxcase.java:45)
Caused by: java.lang.IllegalStateException: UnixUtils may not be used on Windows
	at org.openqa.selenium.os.ProcessUtils.getProcessId(ProcessUtils.java:188)
	at org.openqa.selenium.os.UnixProcess$SeleniumWatchDog.getPID(UnixProcess.java:222)
	at org.openqa.selenium.os.UnixProcess$SeleniumWatchDog.access$300(UnixProcess.java:201)
	at org.openqa.selenium.os.UnixProcess.destroy(UnixProcess.java:132)
	at org.openqa.selenium.os.CommandLine.destroy(CommandLine.java:155)
	at org.openqa.selenium.remote.service.DriverService.stop(DriverService.java:196)
	at org.openqa.selenium.remote.service.DriverCommandExecutor.execute(DriverCommandExecutor.java:94)
	at org.openqa.selenium.remote.RemoteWebDriver.execute(RemoteWebDriver.java:649)
	... 36 more
</failure>
    <system-err>[Child 11768] ###!!! ABORT: Aborting on channel error.: file c:/builds/moz2_slave/m-rel-w32-00000000000000000000/build/src/ipc/glue/MessageChannel.cpp, line 2046
</system-err>
  </testcase>
  <testcase classname="TestSuite1.StartBrowserWithParameter" name="testEasy" time="35.648"/>
</testsuite>