<?xml version="1.0" encoding="UTF-8"?>
<testng-results skipped="0" failed="0" total="2" passed="2">
  <reporter-output>
  </reporter-output>
  <suite name="Suite" duration-ms="35721" started-at="2016-08-12T17:45:37Z" finished-at="2016-08-12T17:46:12Z">
    <groups>
    </groups>
    <test name="Test" duration-ms="35721" started-at="2016-08-12T17:45:37Z" finished-at="2016-08-12T17:46:12Z">
      <class name="example.Firefoxcase">
        <test-method status="PASS" signature="setUp()[pri:0, instance:example.Firefoxcase@1e67b872]" name="setUp" is-config="true" duration-ms="12807" started-at="2016-08-12T10:45:45Z" finished-at="2016-08-12T10:45:58Z">
          <reporter-output>
          </reporter-output>
        </test-method> <!-- setUp -->
        <test-method status="PASS" signature="testFirefoxcase()[pri:0, instance:example.Firefoxcase@1e67b872]" name="testFirefoxcase" duration-ms="11576" started-at="2016-08-12T10:45:58Z" finished-at="2016-08-12T10:46:09Z">
          <reporter-output>
          </reporter-output>
        </test-method> <!-- testFirefoxcase -->
        <test-method status="FAIL" signature="tearDown()[pri:0, instance:example.Firefoxcase@1e67b872]" name="tearDown" is-config="true" duration-ms="0" started-at="2016-08-12T10:46:09Z" finished-at="2016-08-12T10:46:09Z">
          <exception class="org.openqa.selenium.remote.UnreachableBrowserException">
            <message>
              <![CDATA[Error communicating with the remote browser. It may have died.
Build info: version: 'unknown', revision: '31c43c8', time: '2016-08-02 21:57:56 -0700'
System info: host: 'PQA-0327LT', ip: '10.16.17.126', os.name: 'Windows 10', os.arch: 'amd64', os.version: '10.0', java.version: '1.8.0_91'
Driver info: driver.version: RemoteWebDriver
Capabilities [{rotatable=false, raisesAccessibilityExceptions=false, appBuildId=20160726073904, version=, platform=XP, proxy={}, command_id=1, specificationLevel=0, acceptSslCerts=false, browserVersion=48.0, platformVersion=10.0, XULappId={ec8030f7-c20a-464f-9b0e-13a3a9e97384}, browserName=Firefox, takesScreenshot=true, takesElementScreenshot=true, platformName=Windows_NT, device=desktop}]
Session ID: ecbe1848-c850-4a71-9258-7d341864b55d]]>
            </message>
            <full-stacktrace>
              <![CDATA[org.openqa.selenium.remote.UnreachableBrowserException: Error communicating with the remote browser. It may have died.
Build info: version: 'unknown', revision: '31c43c8', time: '2016-08-02 21:57:56 -0700'
System info: host: 'PQA-0327LT', ip: '10.16.17.126', os.name: 'Windows 10', os.arch: 'amd64', os.version: '10.0', java.version: '1.8.0_91'
Driver info: driver.version: RemoteWebDriver
Capabilities [{rotatable=false, raisesAccessibilityExceptions=false, appBuildId=20160726073904, version=, platform=XP, proxy={}, command_id=1, specificationLevel=0, acceptSslCerts=false, browserVersion=48.0, platformVersion=10.0, XULappId={ec8030f7-c20a-464f-9b0e-13a3a9e97384}, browserName=Firefox, takesScreenshot=true, takesElementScreenshot=true, platformName=Windows_NT, device=desktop}]
Session ID: ecbe1848-c850-4a71-9258-7d341864b55d
	at org.openqa.selenium.remote.RemoteWebDriver.execute(RemoteWebDriver.java:670)
	at org.openqa.selenium.remote.RemoteWebDriver.execute(RemoteWebDriver.java:706)
	at org.openqa.selenium.remote.RemoteWebDriver.quit(RemoteWebDriver.java:531)
	at example.Firefoxcase.tearDown(Firefoxcase.java:42)
	at sun.reflect.NativeMethodAccessorImpl.invoke0(Native Method)
	at sun.reflect.NativeMethodAccessorImpl.invoke(Unknown Source)
	at sun.reflect.DelegatingMethodAccessorImpl.invoke(Unknown Source)
	at java.lang.reflect.Method.invoke(Unknown Source)
	at org.testng.internal.MethodInvocationHelper.invokeMethod(MethodInvocationHelper.java:80)
	at org.testng.internal.Invoker.invokeConfigurationMethod(Invoker.java:564)
	at org.testng.internal.Invoker.invokeConfigurations(Invoker.java:213)
	at org.testng.internal.Invoker.invokeConfigurations(Invoker.java:138)
	at org.testng.internal.TestMethodWorker.invokeAfterClassMethods(TestMethodWorker.java:225)
	at org.testng.internal.TestMethodWorker.run(TestMethodWorker.java:114)
	at org.testng.TestRunner.privateRun(TestRunner.java:767)
	at org.testng.TestRunner.run(TestRunner.java:617)
	at org.testng.SuiteRunner.runTest(SuiteRunner.java:334)
	at org.testng.SuiteRunner.runSequentially(SuiteRunner.java:329)
	at org.testng.SuiteRunner.privateRun(SuiteRunner.java:291)
	at org.testng.SuiteRunner.run(SuiteRunner.java:240)
	at org.testng.SuiteRunnerWorker.runSuite(SuiteRunnerWorker.java:52)
	at org.testng.SuiteRunnerWorker.run(SuiteRunnerWorker.java:86)
	at org.testng.TestNG.runSuitesSequentially(TestNG.java:1198)
	at org.testng.TestNG.runSuitesLocally(TestNG.java:1123)
	at org.testng.TestNG.run(TestNG.java:1031)
	at org.apache.maven.surefire.testng.TestNGExecutor.run(TestNGExecutor.java:177)
	at org.apache.maven.surefire.testng.TestNGXmlTestSuite.execute(TestNGXmlTestSuite.java:92)
	at org.apache.maven.surefire.testng.TestNGProvider.invoke(TestNGProvider.java:105)
	at sun.reflect.NativeMethodAccessorImpl.invoke0(Native Method)
	at sun.reflect.NativeMethodAccessorImpl.invoke(Unknown Source)
	at sun.reflect.DelegatingMethodAccessorImpl.invoke(Unknown Source)
	at java.lang.reflect.Method.invoke(Unknown Source)
	at org.apache.maven.surefire.util.ReflectionUtils.invokeMethodWithArray(ReflectionUtils.java:189)
	at org.apache.maven.surefire.booter.ProviderFactory$ProviderProxy.invoke(ProviderFactory.java:165)
	at org.apache.maven.surefire.booter.ProviderFactory.invokeProvider(ProviderFactory.java:85)
	at org.apache.maven.surefire.booter.ForkedBooter.runSuitesInProcess(ForkedBooter.java:103)
	at org.apache.maven.surefire.booter.ForkedBooter.main(ForkedBooter.java:74)
Caused by: java.lang.IllegalStateException: UnixUtils may not be used on Windows
	at org.openqa.selenium.os.ProcessUtils.getProcessId(ProcessUtils.java:188)
	at org.openqa.selenium.os.UnixProcess$SeleniumWatchDog.getPID(UnixProcess.java:222)
	at org.openqa.selenium.os.UnixProcess$SeleniumWatchDog.access$300(UnixProcess.java:201)
	at org.openqa.selenium.os.UnixProcess.destroy(UnixProcess.java:132)
	at org.openqa.selenium.os.CommandLine.destroy(CommandLine.java:155)
	at org.openqa.selenium.remote.service.DriverService.stop(DriverService.java:196)
	at org.openqa.selenium.remote.service.DriverCommandExecutor.execute(DriverCommandExecutor.java:94)
	at org.openqa.selenium.remote.RemoteWebDriver.execute(RemoteWebDriver.java:649)
	... 36 more
]]>
            </full-stacktrace>
          </exception> <!-- org.openqa.selenium.remote.UnreachableBrowserException -->
          <reporter-output>
          </reporter-output>
        </test-method> <!-- tearDown -->
      </class> <!-- example.Firefoxcase -->
      <class name="example.NewTest">
        <test-method status="PASS" signature="beforeTest()[pri:0, instance:example.NewTest@2ed94a8b]" name="beforeTest" is-config="true" duration-ms="4702" started-at="2016-08-12T10:45:37Z" finished-at="2016-08-12T10:45:41Z">
          <reporter-output>
          </reporter-output>
        </test-method> <!-- beforeTest -->
        <test-method status="PASS" signature="testEasy()[pri:0, instance:example.NewTest@2ed94a8b]" name="testEasy" duration-ms="3482" started-at="2016-08-12T10:45:41Z" finished-at="2016-08-12T10:45:45Z">
          <reporter-output>
          </reporter-output>
        </test-method> <!-- testEasy -->
        <test-method status="PASS" signature="afterTest()[pri:0, instance:example.NewTest@2ed94a8b]" name="afterTest" is-config="true" duration-ms="1032" started-at="2016-08-12T10:46:11Z" finished-at="2016-08-12T10:46:12Z">
          <reporter-output>
          </reporter-output>
        </test-method> <!-- afterTest -->
      </class> <!-- example.NewTest -->
    </test> <!-- Test -->
  </suite> <!-- Suite -->
</testng-results>
