<?xml version="1.0" encoding="UTF-8"?>
<!-- Generated by org.testng.reporters.JUnitXMLReporter -->
<testsuite hostname="PQA-0327LT" name="Test" tests="5" failures="0" timestamp="17 Aug 2016 17:11:34 GMT" time="54.412" errors="0">
  <testcase name="testEasy" time="0.374" classname="example.IEcase"/>
  <testcase name="testEasy" time="3.629" classname="example.NewTest"/>
  <testcase name="testFirefoxcase" time="2.212" classname="example.Firefoxcase"/>
  <testcase name="testEasy" time="39.688" classname="TestSuite1.StartBrowserWithParameter"/>
  <testcase name="testEasy" time="3.774" classname="TestSuite1.StartBrowserWithParameter"/>
</testsuite> <!-- Test -->
