<?xml version="1.0" encoding="UTF-8"?>
<testng-results skipped="0" failed="0" total="1" passed="1">
  <reporter-output>
  </reporter-output>
  <suite name="Default suite" duration-ms="3724" started-at="2016-08-17T17:17:07Z" finished-at="2016-08-17T17:17:11Z">
    <groups>
    </groups>
    <test name="Default test" duration-ms="3724" started-at="2016-08-17T17:17:07Z" finished-at="2016-08-17T17:17:11Z">
      <class name="example.IEcase">
        <test-method status="PASS" signature="beforeTest()[pri:0, instance:example.IEcase@46d56d67]" name="beforeTest" is-config="true" duration-ms="2707" started-at="2016-08-17T10:17:07Z" finished-at="2016-08-17T10:17:10Z">
          <reporter-output>
          </reporter-output>
        </test-method> <!-- beforeTest -->
        <test-method status="PASS" signature="testEasy()[pri:0, instance:example.IEcase@46d56d67]" name="testEasy" duration-ms="156" started-at="2016-08-17T10:17:10Z" finished-at="2016-08-17T10:17:10Z">
          <reporter-output>
          </reporter-output>
        </test-method> <!-- testEasy -->
        <test-method status="PASS" signature="afterTest()[pri:0, instance:example.IEcase@46d56d67]" name="afterTest" is-config="true" duration-ms="859" started-at="2016-08-17T10:17:10Z" finished-at="2016-08-17T10:17:11Z">
          <reporter-output>
          </reporter-output>
        </test-method> <!-- afterTest -->
      </class> <!-- example.IEcase -->
    </test> <!-- Default test -->
  </suite> <!-- Default suite -->
</testng-results>
