<?xml version="1.0" encoding="UTF-8"?>
<!-- Generated by org.testng.reporters.JUnitXMLReporter -->
<testsuite hostname="PQA-0327LT" name="Test" tests="5" failures="0" timestamp="17 Aug 2016 17:16:17 GMT" time="63.932" errors="0">
  <testcase name="testEasy" time="0.318" classname="example.IEcase"/>
  <testcase name="testEasy" time="8.472" classname="example.NewTest"/>
  <testcase name="testFirefoxcase" time="5.117" classname="example.Firefoxcase"/>
  <testcase name="testEasy" time="41.686" classname="TestSuite1.StartBrowserWithParameter"/>
  <testcase name="testEasy" time="13.176" classname="TestSuite1.StartBrowserWithParameter"/>
</testsuite> <!-- Test -->
